INFO     [01-Nov-20 11:06:23]  * Running on http://127.0.0.1:5000/ (Press CTRL+C to quit)
INFO     [01-Nov-20 11:06:51]  * Running on http://127.0.0.1:5000/ (Press CTRL+C to quit)
DEBUG    [01-Nov-20 11:22:05] Image converting has started with 'path' parameter. Path: D:/GIN/Dataset/BTI/1.pdf
ERROR    [01-Nov-20 11:22:05] Exception on /api/classifier/classify-by-path [GET]
Traceback (most recent call last):
  File "C:\Users\andriyanov_oe\Anaconda3\lib\site-packages\flask\app.py", line 2447, in wsgi_app
    response = self.full_dispatch_request()
  File "C:\Users\andriyanov_oe\Anaconda3\lib\site-packages\flask\app.py", line 1952, in full_dispatch_request
    rv = self.handle_user_exception(e)
  File "C:\Users\andriyanov_oe\Anaconda3\lib\site-packages\flask\app.py", line 1821, in handle_user_exception
    reraise(exc_type, exc_value, tb)
  File "C:\Users\andriyanov_oe\Anaconda3\lib\site-packages\flask\_compat.py", line 39, in reraise
    raise value
  File "C:\Users\andriyanov_oe\Anaconda3\lib\site-packages\flask\app.py", line 1950, in full_dispatch_request
    rv = self.dispatch_request()
  File "C:\Users\andriyanov_oe\Anaconda3\lib\site-packages\flask\app.py", line 1936, in dispatch_request
    return self.view_functions[rule.endpoint](**req.view_args)
  File "D:\doc_processing\app.py", line 76, in classify_doc
    json = TextExtractor.doc_worker(filepath)
  File "D:\doc_processing\preprocessing\extraction_test.py", line 54, in doc_worker
    images = image_converting(filepath)
  File "D:\doc_processing\preprocessing\image_converting.py", line 13, in image_converting
    doc = fitz.open(pdf_file)
  File "C:\Users\andriyanov_oe\Anaconda3\lib\site-packages\fitz\fitz.py", line 3523, in __init__
    _fitz.Document_swiginit(self, _fitz.new_Document(filename, stream, filetype, rect, width, height, fontsize))
RuntimeError: cannot open D:/GIN/Dataset/BTI/1.pdf: No such file or directory
INFO     [01-Nov-20 11:22:05] 127.0.0.1 - - [01/Nov/2020 11:22:05] "[35m[1mGET /api/classifier/classify-by-path HTTP/1.1[0m" 500 -
DEBUG    [01-Nov-20 11:32:08] Image converting has started with 'path' parameter. Path: D:/GIN/Dataset/%D0%91%D0%A2%D0%98%2F1%20%D0%B8%D0%B7%D0%BC.pdf
ERROR    [01-Nov-20 11:32:08] Exception on /api/classifier/classify-by-path [GET]
Traceback (most recent call last):
  File "C:\Users\andriyanov_oe\Anaconda3\lib\site-packages\flask\app.py", line 2447, in wsgi_app
    response = self.full_dispatch_request()
  File "C:\Users\andriyanov_oe\Anaconda3\lib\site-packages\flask\app.py", line 1952, in full_dispatch_request
    rv = self.handle_user_exception(e)
  File "C:\Users\andriyanov_oe\Anaconda3\lib\site-packages\flask\app.py", line 1821, in handle_user_exception
    reraise(exc_type, exc_value, tb)
  File "C:\Users\andriyanov_oe\Anaconda3\lib\site-packages\flask\_compat.py", line 39, in reraise
    raise value
  File "C:\Users\andriyanov_oe\Anaconda3\lib\site-packages\flask\app.py", line 1950, in full_dispatch_request
    rv = self.dispatch_request()
  File "C:\Users\andriyanov_oe\Anaconda3\lib\site-packages\flask\app.py", line 1936, in dispatch_request
    return self.view_functions[rule.endpoint](**req.view_args)
  File "D:\doc_processing\app.py", line 76, in classify_doc
    json = TextExtractor.doc_worker(filepath)
  File "D:\doc_processing\preprocessing\extraction_test.py", line 54, in doc_worker
    images = image_converting(filepath)
  File "D:\doc_processing\preprocessing\image_converting.py", line 13, in image_converting
    doc = fitz.open(pdf_file)
  File "C:\Users\andriyanov_oe\Anaconda3\lib\site-packages\fitz\fitz.py", line 3523, in __init__
    _fitz.Document_swiginit(self, _fitz.new_Document(filename, stream, filetype, rect, width, height, fontsize))
RuntimeError: cannot open D:/GIN/Dataset/%D0%91%D0%A2%D0%98%2F1%20%D0%B8%D0%B7%D0%BC.pdf: No such file or directory
INFO     [01-Nov-20 11:32:08] 127.0.0.1 - - [01/Nov/2020 11:32:08] "[35m[1mGET /api/classifier/classify-by-path HTTP/1.1[0m" 500 -
DEBUG    [01-Nov-20 11:34:38] Image converting has started with 'path' parameter. Path: D%3A%2FGIN%2FDataset%2F%D0%91%D0%A2%D0%98%2F1%20%D0%B8%D0%B7%D0%BC.pdf
ERROR    [01-Nov-20 11:34:38] Exception on /api/classifier/classify-by-path [GET]
Traceback (most recent call last):
  File "C:\Users\andriyanov_oe\Anaconda3\lib\site-packages\flask\app.py", line 2447, in wsgi_app
    response = self.full_dispatch_request()
  File "C:\Users\andriyanov_oe\Anaconda3\lib\site-packages\flask\app.py", line 1952, in full_dispatch_request
    rv = self.handle_user_exception(e)
  File "C:\Users\andriyanov_oe\Anaconda3\lib\site-packages\flask\app.py", line 1821, in handle_user_exception
    reraise(exc_type, exc_value, tb)
  File "C:\Users\andriyanov_oe\Anaconda3\lib\site-packages\flask\_compat.py", line 39, in reraise
    raise value
  File "C:\Users\andriyanov_oe\Anaconda3\lib\site-packages\flask\app.py", line 1950, in full_dispatch_request
    rv = self.dispatch_request()
  File "C:\Users\andriyanov_oe\Anaconda3\lib\site-packages\flask\app.py", line 1936, in dispatch_request
    return self.view_functions[rule.endpoint](**req.view_args)
  File "D:\doc_processing\app.py", line 76, in classify_doc
    filepath = request.headers.get("path")
  File "D:\doc_processing\preprocessing\extraction_test.py", line 54, in doc_worker
    images = image_converting(filepath)
  File "D:\doc_processing\preprocessing\image_converting.py", line 13, in image_converting
    doc = fitz.open(pdf_file)
  File "C:\Users\andriyanov_oe\Anaconda3\lib\site-packages\fitz\fitz.py", line 3523, in __init__
    _fitz.Document_swiginit(self, _fitz.new_Document(filename, stream, filetype, rect, width, height, fontsize))
RuntimeError: cannot open D%3A%2FGIN%2FDataset%2F%D0%91%D0%A2%D0%98%2F1%20%D0%B8%D0%B7%D0%BC.pdf: No such file or directory
INFO     [01-Nov-20 11:34:38] 127.0.0.1 - - [01/Nov/2020 11:34:38] "[35m[1mGET /api/classifier/classify-by-path HTTP/1.1[0m" 500 -
INFO     [01-Nov-20 11:35:13]  * Running on http://127.0.0.1:5000/ (Press CTRL+C to quit)
DEBUG    [01-Nov-20 11:35:16] Image converting has started with 'path' parameter. Path: D:/GIN/Dataset/ΑΘ/1 θημ.pdf
DEBUG    [01-Nov-20 11:35:16] Images converted. There are 6 pages.
DEBUG    [01-Nov-20 11:35:26] Extracted text inserted in database
DEBUG    [01-Nov-20 11:35:26] json was created
ERROR    [01-Nov-20 11:35:26] Exception on /api/classifier/classify-by-path [GET]
Traceback (most recent call last):
  File "C:\Users\andriyanov_oe\Anaconda3\lib\site-packages\flask\app.py", line 2447, in wsgi_app
    response = self.full_dispatch_request()
  File "C:\Users\andriyanov_oe\Anaconda3\lib\site-packages\flask\app.py", line 1952, in full_dispatch_request
    rv = self.handle_user_exception(e)
  File "C:\Users\andriyanov_oe\Anaconda3\lib\site-packages\flask\app.py", line 1821, in handle_user_exception
    reraise(exc_type, exc_value, tb)
  File "C:\Users\andriyanov_oe\Anaconda3\lib\site-packages\flask\_compat.py", line 39, in reraise
    raise value
  File "C:\Users\andriyanov_oe\Anaconda3\lib\site-packages\flask\app.py", line 1950, in full_dispatch_request
    rv = self.dispatch_request()
  File "C:\Users\andriyanov_oe\Anaconda3\lib\site-packages\flask\app.py", line 1936, in dispatch_request
    return self.view_functions[rule.endpoint](**req.view_args)
  File "D:\doc_processing\app.py", line 81, in classify_doc
    type = doc_type_dict[type]
TypeError: string indices must be integers
INFO     [01-Nov-20 11:35:26] 127.0.0.1 - - [01/Nov/2020 11:35:26] "[35m[1mGET /api/classifier/classify-by-path HTTP/1.1[0m" 500 -
INFO     [01-Nov-20 11:36:40]  * Running on http://127.0.0.1:5000/ (Press CTRL+C to quit)
DEBUG    [01-Nov-20 11:36:43] Image converting has started with 'path' parameter. Path: D:/GIN/Dataset/ΑΘ/1 θημ.pdf
DEBUG    [01-Nov-20 11:36:43] Images converted. There are 6 pages.
DEBUG    [01-Nov-20 11:36:52] Extracted text inserted in database
DEBUG    [01-Nov-20 11:36:52] json was created
ERROR    [01-Nov-20 11:36:52] Exception on /api/classifier/classify-by-path [GET]
Traceback (most recent call last):
  File "C:\Users\andriyanov_oe\Anaconda3\lib\site-packages\flask\app.py", line 2447, in wsgi_app
    response = self.full_dispatch_request()
  File "C:\Users\andriyanov_oe\Anaconda3\lib\site-packages\flask\app.py", line 1952, in full_dispatch_request
    rv = self.handle_user_exception(e)
  File "C:\Users\andriyanov_oe\Anaconda3\lib\site-packages\flask\app.py", line 1821, in handle_user_exception
    reraise(exc_type, exc_value, tb)
  File "C:\Users\andriyanov_oe\Anaconda3\lib\site-packages\flask\_compat.py", line 39, in reraise
    raise value
  File "C:\Users\andriyanov_oe\Anaconda3\lib\site-packages\flask\app.py", line 1950, in full_dispatch_request
    rv = self.dispatch_request()
  File "C:\Users\andriyanov_oe\Anaconda3\lib\site-packages\flask\app.py", line 1936, in dispatch_request
    return self.view_functions[rule.endpoint](**req.view_args)
  File "D:\doc_processing\app.py", line 80, in classify_doc
    type = classify(json["full_text"], classifier_id)
TypeError: string indices must be integers
INFO     [01-Nov-20 11:36:52] 127.0.0.1 - - [01/Nov/2020 11:36:52] "[35m[1mGET /api/classifier/classify-by-path HTTP/1.1[0m" 500 -
INFO     [01-Nov-20 11:39:01]  * Running on http://127.0.0.1:5000/ (Press CTRL+C to quit)
INFO     [01-Nov-20 11:39:48]  * Running on http://127.0.0.1:5000/ (Press CTRL+C to quit)
DEBUG    [01-Nov-20 11:39:52] Image converting has started with 'path' parameter. Path: D:/GIN/Dataset/ΑΘ/1 θημ.pdf
DEBUG    [01-Nov-20 11:39:52] Images converted. There are 6 pages.
DEBUG    [01-Nov-20 11:40:02] Extracted text inserted in database
DEBUG    [01-Nov-20 11:40:02] json was created
ERROR    [01-Nov-20 11:40:02] Exception on /api/classifier/classify-by-path [GET]
Traceback (most recent call last):
  File "C:\Users\andriyanov_oe\Anaconda3\lib\site-packages\flask\app.py", line 2447, in wsgi_app
    response = self.full_dispatch_request()
  File "C:\Users\andriyanov_oe\Anaconda3\lib\site-packages\flask\app.py", line 1952, in full_dispatch_request
    rv = self.handle_user_exception(e)
  File "C:\Users\andriyanov_oe\Anaconda3\lib\site-packages\flask\app.py", line 1821, in handle_user_exception
    reraise(exc_type, exc_value, tb)
  File "C:\Users\andriyanov_oe\Anaconda3\lib\site-packages\flask\_compat.py", line 39, in reraise
    raise value
  File "C:\Users\andriyanov_oe\Anaconda3\lib\site-packages\flask\app.py", line 1950, in full_dispatch_request
    rv = self.dispatch_request()
  File "C:\Users\andriyanov_oe\Anaconda3\lib\site-packages\flask\app.py", line 1936, in dispatch_request
    return self.view_functions[rule.endpoint](**req.view_args)
  File "D:\doc_processing\app.py", line 83, in classify_doc
    type = doc_type_dict[type]
NameError: name 'doc_type_dict' is not defined
INFO     [01-Nov-20 11:40:02] 127.0.0.1 - - [01/Nov/2020 11:40:02] "[35m[1mGET /api/classifier/classify-by-path HTTP/1.1[0m" 500 -
INFO     [01-Nov-20 11:40:32]  * Running on http://127.0.0.1:5000/ (Press CTRL+C to quit)
INFO     [01-Nov-20 11:42:12]  * Running on http://127.0.0.1:5000/ (Press CTRL+C to quit)
DEBUG    [01-Nov-20 11:42:15] Image converting has started with 'path' parameter. Path: D:/GIN/Dataset/ΑΘ/1 θημ.pdf
DEBUG    [01-Nov-20 11:42:15] Images converted. There are 6 pages.
DEBUG    [01-Nov-20 11:42:25] Extracted text inserted in database
DEBUG    [01-Nov-20 11:42:25] json was created
ERROR    [01-Nov-20 11:42:25] Exception on /api/classifier/classify-by-path [GET]
Traceback (most recent call last):
  File "C:\Users\andriyanov_oe\Anaconda3\lib\site-packages\flask\app.py", line 2447, in wsgi_app
    response = self.full_dispatch_request()
  File "C:\Users\andriyanov_oe\Anaconda3\lib\site-packages\flask\app.py", line 1952, in full_dispatch_request
    rv = self.handle_user_exception(e)
  File "C:\Users\andriyanov_oe\Anaconda3\lib\site-packages\flask\app.py", line 1821, in handle_user_exception
    reraise(exc_type, exc_value, tb)
  File "C:\Users\andriyanov_oe\Anaconda3\lib\site-packages\flask\_compat.py", line 39, in reraise
    raise value
  File "C:\Users\andriyanov_oe\Anaconda3\lib\site-packages\flask\app.py", line 1950, in full_dispatch_request
    rv = self.dispatch_request()
  File "C:\Users\andriyanov_oe\Anaconda3\lib\site-packages\flask\app.py", line 1936, in dispatch_request
    return self.view_functions[rule.endpoint](**req.view_args)
  File "D:\doc_processing\app.py", line 91, in classify_doc
    type = doc_type_dict[type]
TypeError: unhashable type: 'numpy.ndarray'
INFO     [01-Nov-20 11:42:25] 127.0.0.1 - - [01/Nov/2020 11:42:25] "[35m[1mGET /api/classifier/classify-by-path HTTP/1.1[0m" 500 -
INFO     [01-Nov-20 11:43:34]  * Running on http://127.0.0.1:5000/ (Press CTRL+C to quit)
DEBUG    [01-Nov-20 11:43:43] Image converting has started with 'path' parameter. Path: D:/GIN/Dataset/ΑΘ/1 θημ.pdf
DEBUG    [01-Nov-20 11:43:43] Images converted. There are 6 pages.
DEBUG    [01-Nov-20 11:43:52] Extracted text inserted in database
DEBUG    [01-Nov-20 11:43:52] json was created
ERROR    [01-Nov-20 11:43:53] Exception on /api/classifier/classify-by-path [GET]
Traceback (most recent call last):
  File "C:\Users\andriyanov_oe\Anaconda3\lib\site-packages\flask\app.py", line 2447, in wsgi_app
    response = self.full_dispatch_request()
  File "C:\Users\andriyanov_oe\Anaconda3\lib\site-packages\flask\app.py", line 1952, in full_dispatch_request
    rv = self.handle_user_exception(e)
  File "C:\Users\andriyanov_oe\Anaconda3\lib\site-packages\flask\app.py", line 1821, in handle_user_exception
    reraise(exc_type, exc_value, tb)
  File "C:\Users\andriyanov_oe\Anaconda3\lib\site-packages\flask\_compat.py", line 39, in reraise
    raise value
  File "C:\Users\andriyanov_oe\Anaconda3\lib\site-packages\flask\app.py", line 1950, in full_dispatch_request
    rv = self.dispatch_request()
  File "C:\Users\andriyanov_oe\Anaconda3\lib\site-packages\flask\app.py", line 1936, in dispatch_request
    return self.view_functions[rule.endpoint](**req.view_args)
  File "D:\doc_processing\app.py", line 92, in classify_doc
    type = doc_type_dict[type]
TypeError: unhashable type: 'numpy.ndarray'
INFO     [01-Nov-20 11:43:53] 127.0.0.1 - - [01/Nov/2020 11:43:53] "[35m[1mGET /api/classifier/classify-by-path HTTP/1.1[0m" 500 -
INFO     [01-Nov-20 11:44:40]  * Running on http://127.0.0.1:5000/ (Press CTRL+C to quit)
DEBUG    [01-Nov-20 11:44:43] Image converting has started with 'path' parameter. Path: D:/GIN/Dataset/ΑΘ/1 θημ.pdf
DEBUG    [01-Nov-20 11:44:43] Images converted. There are 6 pages.
DEBUG    [01-Nov-20 11:44:53] Extracted text inserted in database
DEBUG    [01-Nov-20 11:44:53] json was created
INFO     [01-Nov-20 11:44:53] 127.0.0.1 - - [01/Nov/2020 11:44:53] "[37mGET /api/classifier/classify-by-path HTTP/1.1[0m" 200 -
